2019-03-01T08:30:35.943+0000 I CONTROL  [initandlisten] MongoDB starting : pid=1 port=27017 dbpath=/data/db 64-bit host=c155894d90ba
2019-03-01T08:30:35.943+0000 I CONTROL  [initandlisten] db version v3.6.9
2019-03-01T08:30:35.943+0000 I CONTROL  [initandlisten] git version: 167861a164723168adfaaa866f310cb94010428f
2019-03-01T08:30:35.943+0000 I CONTROL  [initandlisten] OpenSSL version: OpenSSL 1.1.0j  20 Nov 2018
2019-03-01T08:30:35.943+0000 I CONTROL  [initandlisten] allocator: tcmalloc
2019-03-01T08:30:35.943+0000 I CONTROL  [initandlisten] modules: none
2019-03-01T08:30:35.943+0000 I CONTROL  [initandlisten] build environment:
2019-03-01T08:30:35.943+0000 I CONTROL  [initandlisten]     distmod: debian92
2019-03-01T08:30:35.943+0000 I CONTROL  [initandlisten]     distarch: x86_64
2019-03-01T08:30:35.943+0000 I CONTROL  [initandlisten]     target_arch: x86_64
2019-03-01T08:30:35.943+0000 I CONTROL  [initandlisten] options: { config: "/data/db/mongod.yml", net: { bindIpAll: true }, replication: { replSetName: "rs" }, security: { keyFile: "/data/db/keyFile" }, storage: { dbPath: "/data/db", journal: { enabled: true } }, systemLog: { component: { accessControl: { verbosity: 0 }, command: { verbosity: 0 }, control: { verbosity: 0 }, geo: { verbosity: 0 }, index: { verbosity: 0 }, network: { verbosity: 0 }, query: { verbosity: 0 }, replication: { verbosity: 0 }, storage: { verbosity: 0 }, write: { verbosity: 0 } }, destination: "file", logAppend: true, logRotate: "rename", path: "/data/db/logs/mongodb.log", quiet: true } }
2019-03-01T08:30:35.943+0000 I STORAGE  [initandlisten] 
2019-03-01T08:30:35.943+0000 I STORAGE  [initandlisten] ** WARNING: Using the XFS filesystem is strongly recommended with the WiredTiger storage engine
2019-03-01T08:30:35.943+0000 I STORAGE  [initandlisten] **          See http://dochub.mongodb.org/core/prodnotes-filesystem
2019-03-01T08:30:35.943+0000 I STORAGE  [initandlisten] wiredtiger_open config: create,cache_size=3412M,session_max=20000,eviction=(threads_min=4,threads_max=4),config_base=false,statistics=(fast),cache_cursors=false,compatibility=(release="3.0",require_max="3.0"),log=(enabled=true,archive=true,path=journal,compressor=snappy),file_manager=(close_idle_time=100000),statistics_log=(wait=0),verbose=(recovery_progress),
2019-03-01T08:30:36.379+0000 I STORAGE  [initandlisten] WiredTiger message [1551429036:379637][1:0x7f520f8f7600], txn-recover: Set global recovery timestamp: 0
2019-03-01T08:30:36.438+0000 I STORAGE  [initandlisten] createCollection: local.startup_log with no UUID.
2019-03-01T08:30:36.462+0000 I FTDC     [initandlisten] Initializing full-time diagnostic data capture with directory '/data/db/diagnostic.data'
2019-03-01T08:30:36.462+0000 I STORAGE  [initandlisten] createCollection: local.me with no UUID.
2019-03-01T08:30:36.485+0000 I STORAGE  [initandlisten] createCollection: local.replset.minvalid with no UUID.
2019-03-01T08:30:36.509+0000 I REPL     [initandlisten] Did not find local voted for document at startup.
2019-03-01T08:30:36.509+0000 I REPL     [initandlisten] Did not find local Rollback ID document at startup. Creating one.
2019-03-01T08:30:36.509+0000 I STORAGE  [initandlisten] createCollection: local.system.rollback.id with no UUID.
2019-03-01T08:30:36.532+0000 I REPL     [initandlisten] Initialized the rollback ID to 1
2019-03-01T08:30:36.532+0000 I REPL     [initandlisten] Did not find local replica set configuration document at startup;  NoMatchingDocument: Did not find replica set configuration document in local.system.replset
2019-03-01T08:30:36.533+0000 I NETWORK  [initandlisten] waiting for connections on port 27017
2019-03-01T08:30:36.533+0000 I CONTROL  [LogicalSessionCacheReap] Sessions collection is not set up; waiting until next sessions reap interval: config.system.sessions does not exist
2019-03-01T08:30:38.014+0000 I CONTROL  [signalProcessingThread] got signal 15 (Terminated), will terminate after current cmd ends
2019-03-01T08:30:38.014+0000 I NETWORK  [signalProcessingThread] shutdown: going to close listening sockets...
2019-03-01T08:30:38.014+0000 I NETWORK  [signalProcessingThread] removing socket file: /tmp/mongodb-27017.sock
2019-03-01T08:30:38.014+0000 I REPL     [signalProcessingThread] shutdown: removing all drop-pending collections...
2019-03-01T08:30:38.014+0000 I REPL     [signalProcessingThread] shutdown: removing checkpointTimestamp collection...
2019-03-01T08:30:38.014+0000 I REPL     [signalProcessingThread] shutting down replication subsystems
2019-03-01T08:30:38.015+0000 I FTDC     [signalProcessingThread] Shutting down full-time diagnostic data capture
2019-03-01T08:30:38.019+0000 I STORAGE  [signalProcessingThread] WiredTigerKVEngine shutting down
2019-03-01T08:30:38.521+0000 I STORAGE  [signalProcessingThread] WiredTiger message [1551429038:521605][1:0x7f520dedd700], txn-recover: Main recovery loop: starting at 1/20864
2019-03-01T08:30:38.710+0000 I STORAGE  [signalProcessingThread] WiredTiger message [1551429038:710284][1:0x7f520dedd700], txn-recover: Recovering log 1 through 2
2019-03-01T08:30:38.808+0000 I STORAGE  [signalProcessingThread] WiredTiger message [1551429038:808079][1:0x7f520dedd700], txn-recover: Recovering log 2 through 2
2019-03-01T08:30:38.899+0000 I STORAGE  [signalProcessingThread] WiredTiger message [1551429038:899815][1:0x7f520dedd700], txn-recover: Set global recovery timestamp: 0
2019-03-01T08:30:39.073+0000 I STORAGE  [signalProcessingThread] shutdown: removing fs lock...
2019-03-01T08:30:39.074+0000 I CONTROL  [signalProcessingThread] now exiting
2019-03-01T08:30:39.074+0000 I CONTROL  [signalProcessingThread] shutting down with code:0
